# JRE version: OpenJDK Runtime Environment Microsoft-8035250 (11.0.20+8) (build 11.0.20+8-LTS)
# Java VM: OpenJDK 64-Bit Server VM Microsoft-8035250 (11.0.20+8-LTS, mixed mode, tiered, compressed oops, g1 gc, windows-amd64)
Heap:
 garbage-first heap   total 129024K, used 37360K [0x0000000080000000, 0x0000000100000000)
  region size 1024K, 17 young (17408K), 8 survivors (8192K)
 Metaspace       used 41301K, capacity 42408K, committed 42576K, reserved 555008K
  class space    used 5158K, capacity 5572K, committed 5632K, reserved 516096K
GC Heap History (18 events):
Event: 13.978 GC heap before
{Heap before GC invocations=0 (full 0):
 garbage-first heap   total 129024K, used 13312K [0x0000000080000000, 0x0000000100000000)
  region size 1024K, 14 young (14336K), 0 survivors (0K)
 Metaspace       used 6822K, capacity 7057K, committed 7424K, reserved 524288K
  class space    used 574K, capacity 650K, committed 768K, reserved 516096K
}
Event: 14.449 GC heap after
{Heap after GC invocations=1 (full 0):
 garbage-first heap   total 129024K, used 4286K [0x0000000080000000, 0x0000000100000000)
  region size 1024K, 2 young (2048K), 2 survivors (2048K)
 Metaspace       used 6822K, capacity 7057K, committed 7424K, reserved 524288K
  class space    used 574K, capacity 650K, committed 768K, reserved 516096K
}
Event: 17.478 GC heap before
{Heap before GC invocations=1 (full 0):
 garbage-first heap   total 129024K, used 19646K [0x0000000080000000, 0x0000000100000000)
  region size 1024K, 13 young (13312K), 2 survivors (2048K)
 Metaspace       used 10228K, capacity 10398K, committed 10624K, reserved 526336K
  class space    used 1041K, capacity 1107K, committed 1152K, reserved 516096K
}
Event: 17.482 GC heap after
{Heap after GC invocations=2 (full 0):
 garbage-first heap   total 129024K, used 10470K [0x0000000080000000, 0x0000000100000000)
  region size 1024K, 2 young (2048K), 2 survivors (2048K)
 Metaspace       used 10228K, capacity 10398K, committed 10624K, reserved 526336K
  class space    used 1041K, capacity 1107K, committed 1152K, reserved 516096K
}
Event: 21.943 GC heap before
{Heap before GC invocations=2 (full 0):
 garbage-first heap   total 129024K, used 37094K [0x0000000080000000, 0x0000000100000000)
  region size 1024K, 29 young (29696K), 2 survivors (2048K)
 Metaspace       used 11312K, capacity 11577K, committed 11776K, reserved 528384K
  class space    used 1150K, capacity 1244K, committed 1280K, reserved 516096K
}
Event: 21.947 GC heap after
{Heap after GC invocations=3 (full 0):
 garbage-first heap   total 129024K, used 12598K [0x0000000080000000, 0x0000000100000000)
  region size 1024K, 4 young (4096K), 4 survivors (4096K)
 Metaspace       used 11312K, capacity 11577K, committed 11776K, reserved 528384K
  class space    used 1150K, capacity 1244K, committed 1280K, reserved 516096K
}
Event: 94.064 GC heap before
{Heap before GC invocations=3 (full 0):
 garbage-first heap   total 129024K, used 54582K [0x0000000080000000, 0x0000000100000000)
  region size 1024K, 44 young (45056K), 4 survivors (4096K)
 Metaspace       used 18194K, capacity 18537K, committed 18688K, reserved 532480K
  class space    used 2061K, capacity 2179K, committed 2304K, reserved 516096K
}
Event: 94.970 GC heap after
{Heap after GC invocations=4 (full 0):
 garbage-first heap   total 129024K, used 17612K [0x0000000080000000, 0x0000000100000000)
  region size 1024K, 6 young (6144K), 6 survivors (6144K)
 Metaspace       used 18194K, capacity 18537K, committed 18688K, reserved 532480K
  class space    used 2061K, capacity 2179K, committed 2304K, reserved 516096K
}
Event: 100.334 GC heap before
{Heap before GC invocations=4 (full 0):
 garbage-first heap   total 129024K, used 33996K [0x0000000080000000, 0x0000000100000000)
  region size 1024K, 23 young (23552K), 6 survivors (6144K)
 Metaspace       used 20728K, capacity 21146K, committed 21296K, reserved 536576K
  class space    used 2433K, capacity 2609K, committed 2688K, reserved 516096K
}
Event: 100.348 GC heap after
{Heap after GC invocations=5 (full 0):
 garbage-first heap   total 129024K, used 18830K [0x0000000080000000, 0x0000000100000000)
  region size 1024K, 1 young (1024K), 1 survivors (1024K)
 Metaspace       used 20728K, capacity 21146K, committed 21296K, reserved 536576K
  class space    used 2433K, capacity 2609K, committed 2688K, reserved 516096K
}
Event: 116.925 GC heap before
{Heap before GC invocations=6 (full 0):
 garbage-first heap   total 129024K, used 62862K [0x0000000080000000, 0x0000000100000000)
  region size 1024K, 44 young (45056K), 1 survivors (1024K)
 Metaspace       used 24687K, capacity 25189K, committed 25264K, reserved 538624K
  class space    used 3065K, capacity 3279K, committed 3328K, reserved 516096K
}
Event: 116.930 GC heap after
{Heap after GC invocations=7 (full 0):
 garbage-first heap   total 129024K, used 20059K [0x0000000080000000, 0x0000000100000000)
  region size 1024K, 3 young (3072K), 3 survivors (3072K)
 Metaspace       used 24687K, capacity 25189K, committed 25264K, reserved 538624K
  class space    used 3065K, capacity 3279K, committed 3328K, reserved 516096K
}
Event: 129.128 GC heap before
{Heap before GC invocations=7 (full 0):
 garbage-first heap   total 129024K, used 68187K [0x0000000080000000, 0x0000000100000000)
  region size 1024K, 50 young (51200K), 3 survivors (3072K)
 Metaspace       used 29076K, capacity 29713K, committed 29872K, reserved 542720K
  class space    used 3748K, capacity 4027K, committed 4096K, reserved 516096K
}
Event: 129.139 GC heap after
{Heap after GC invocations=8 (full 0):
 garbage-first heap   total 129024K, used 21822K [0x0000000080000000, 0x0000000100000000)
  region size 1024K, 4 young (4096K), 4 survivors (4096K)
 Metaspace       used 29076K, capacity 29713K, committed 29872K, reserved 542720K
  class space    used 3748K, capacity 4027K, committed 4096K, reserved 516096K
}
Event: 143.563 GC heap before
{Heap before GC invocations=8 (full 0):
 garbage-first heap   total 129024K, used 64830K [0x0000000080000000, 0x0000000100000000)
  region size 1024K, 47 young (48128K), 4 survivors (4096K)
 Metaspace       used 34995K, capacity 35832K, committed 35920K, reserved 548864K
  class space    used 4455K, capacity 4813K, committed 4864K, reserved 516096K
}
Event: 143.576 GC heap after
{Heap after GC invocations=9 (full 0):
 garbage-first heap   total 129024K, used 24192K [0x0000000080000000, 0x0000000100000000)
  region size 1024K, 7 young (7168K), 7 survivors (7168K)
 Metaspace       used 34995K, capacity 35832K, committed 35920K, reserved 548864K
  class space    used 4455K, capacity 4813K, committed 4864K, reserved 516096K
}
Event: 182.447 GC heap before
{Heap before GC invocations=10 (full 0):
 garbage-first heap   total 129024K, used 82560K [0x0000000080000000, 0x0000000100000000)
  region size 1024K, 62 young (63488K), 7 survivors (7168K)
 Metaspace       used 41038K, capacity 42029K, committed 42320K, reserved 552960K
  class space    used 5134K, capacity 5530K, committed 5632K, reserved 516096K
}
Event: 182.469 GC heap after
{Heap after GC invocations=11 (full 0):
 garbage-first heap   total 129024K, used 29168K [0x0000000080000000, 0x0000000100000000)
  region size 1024K, 8 young (8192K), 8 survivors (8192K)
 Metaspace       used 41038K, capacity 42029K, committed 42320K, reserved 552960K
  class space    used 5134K, capacity 5530K, committed 5632K, reserved 516096K
}

