# JRE version: OpenJDK Runtime Environment Microsoft-8035250 (11.0.20+8) (build 11.0.20+8-LTS)
# Java VM: OpenJDK 64-Bit Server VM Microsoft-8035250 (11.0.20+8-LTS, mixed mode, tiered, compressed oops, g1 gc, windows-amd64)
Heap:
 garbage-first heap   total 129024K, used 17689K [0x0000000080000000, 0x0000000100000000)
  region size 1024K, 2 young (2048K), 2 survivors (2048K)
 Metaspace       used 17933K, capacity 18226K, committed 18304K, reserved 548864K
  class space    used 2019K, capacity 2140K, committed 2176K, reserved 516096K
GC Heap History (8 events):
Event: 5.806 GC heap before
{Heap before GC invocations=0 (full 0):
 garbage-first heap   total 129024K, used 1024K [0x0000000080000000, 0x0000000100000000)
  region size 1024K, 2 young (2048K), 0 survivors (0K)
 Metaspace       used 4953K, capacity 4983K, committed 5120K, reserved 530432K
  class space    used 401K, capacity 428K, committed 512K, reserved 516096K
}
Event: 6.598 GC heap after
{Heap after GC invocations=1 (full 0):
 garbage-first heap   total 129024K, used 682K [0x0000000080000000, 0x0000000100000000)
  region size 1024K, 1 young (1024K), 1 survivors (1024K)
 Metaspace       used 4953K, capacity 4983K, committed 5120K, reserved 530432K
  class space    used 401K, capacity 428K, committed 512K, reserved 516096K
}
Event: 136.191 GC heap before
{Heap before GC invocations=2 (full 0):
 garbage-first heap   total 129024K, used 80554K [0x0000000080000000, 0x0000000100000000)
  region size 1024K, 75 young (76800K), 1 survivors (1024K)
 Metaspace       used 13819K, capacity 14145K, committed 14464K, reserved 536576K
  class space    used 1495K, capacity 1592K, committed 1664K, reserved 516096K
}
Event: 136.585 GC heap after
{Heap after GC invocations=3 (full 0):
 garbage-first heap   total 129024K, used 16235K [0x0000000080000000, 0x0000000100000000)
  region size 1024K, 10 young (10240K), 10 survivors (10240K)
 Metaspace       used 13819K, capacity 14145K, committed 14464K, reserved 536576K
  class space    used 1495K, capacity 1592K, committed 1664K, reserved 516096K
}
Event: 137.166 GC heap before
{Heap before GC invocations=3 (full 0):
 garbage-first heap   total 129024K, used 18283K [0x0000000080000000, 0x0000000100000000)
  region size 1024K, 12 young (12288K), 10 survivors (10240K)
 Metaspace       used 14156K, capacity 14471K, committed 14720K, reserved 538624K
  class space    used 1545K, capacity 1657K, committed 1664K, reserved 516096K
}
Event: 137.177 GC heap after
{Heap after GC invocations=4 (full 0):
 garbage-first heap   total 129024K, used 16854K [0x0000000080000000, 0x0000000100000000)
  region size 1024K, 1 young (1024K), 1 survivors (1024K)
 Metaspace       used 14156K, capacity 14471K, committed 14720K, reserved 538624K
  class space    used 1545K, capacity 1657K, committed 1664K, reserved 516096K
}
Event: 219.799 GC heap before
{Heap before GC invocations=4 (full 0):
 garbage-first heap   total 129024K, used 30166K [0x0000000080000000, 0x0000000100000000)
  region size 1024K, 15 young (15360K), 1 survivors (1024K)
 Metaspace       used 17933K, capacity 18226K, committed 18304K, reserved 546816K
  class space    used 2019K, capacity 2140K, committed 2176K, reserved 516096K
}
Event: 219.823 GC heap after
{Heap after GC invocations=5 (full 0):
 garbage-first heap   total 129024K, used 17689K [0x0000000080000000, 0x0000000100000000)
  region size 1024K, 2 young (2048K), 2 survivors (2048K)
 Metaspace       used 17933K, capacity 18226K, committed 18304K, reserved 546816K
  class space    used 2019K, capacity 2140K, committed 2176K, reserved 516096K
}

