# JRE version: OpenJDK Runtime Environment Microsoft-9889599 (17.0.12+7) (build 17.0.12+7-LTS)
# Java VM: OpenJDK 64-Bit Server VM Microsoft-9889599 (17.0.12+7-LTS, mixed mode, sharing, tiered, compressed oops, compressed class ptrs, g1 gc, windows-amd64)
GC Precious Log:
 CPUs: 4 total, 4 available
 Memory: 8083M
 Large Page Support: Disabled
 NUMA Support: Disabled
 Compressed Oops: Enabled (32-bit)
 Heap Region Size: 1M
 Heap Min Capacity: 8M
 Heap Initial Capacity: 128M
 Heap Max Capacity: 2022M
 Pre-touch: Disabled
 Parallel Workers: 4
 Concurrent Workers: 1
 Concurrent Refinement Workers: 4
 Periodic GC: Disabled
Heap:
 garbage-first heap   total 80896K, used 63311K [0x0000000081a00000, 0x0000000100000000)
  region size 1024K, 2 young (2048K), 1 survivors (1024K)
 Metaspace       used 58018K, committed 58304K, reserved 1114112K
  class space    used 6737K, committed 6848K, reserved 1048576K
GC Heap History (20 events):
Event: 116.222 GC heap before
{Heap before GC invocations=31 (full 0):
 garbage-first heap   total 80896K, used 64958K [0x0000000081a00000, 0x0000000100000000)
  region size 1024K, 16 young (16384K), 3 survivors (3072K)
 Metaspace       used 52712K, committed 52992K, reserved 1114112K
  class space    used 6338K, committed 6464K, reserved 1048576K
}
Event: 116.240 GC heap after
{Heap after GC invocations=32 (full 0):
 garbage-first heap   total 80896K, used 53957K [0x0000000081a00000, 0x0000000100000000)
  region size 1024K, 2 young (2048K), 2 survivors (2048K)
 Metaspace       used 52712K, committed 52992K, reserved 1114112K
  class space    used 6338K, committed 6464K, reserved 1048576K
}
Event: 119.505 GC heap before
{Heap before GC invocations=32 (full 0):
 garbage-first heap   total 80896K, used 66245K [0x0000000081a00000, 0x0000000100000000)
  region size 1024K, 14 young (14336K), 2 survivors (2048K)
 Metaspace       used 53353K, committed 53632K, reserved 1114112K
  class space    used 6409K, committed 6528K, reserved 1048576K
}
Event: 119.516 GC heap after
{Heap after GC invocations=33 (full 0):
 garbage-first heap   total 80896K, used 56156K [0x0000000081a00000, 0x0000000100000000)
  region size 1024K, 2 young (2048K), 2 survivors (2048K)
 Metaspace       used 53353K, committed 53632K, reserved 1114112K
  class space    used 6409K, committed 6528K, reserved 1048576K
}
Event: 121.493 GC heap before
{Heap before GC invocations=33 (full 0):
 garbage-first heap   total 80896K, used 65372K [0x0000000081a00000, 0x0000000100000000)
  region size 1024K, 12 young (12288K), 2 survivors (2048K)
 Metaspace       used 53539K, committed 53824K, reserved 1114112K
  class space    used 6422K, committed 6528K, reserved 1048576K
}
Event: 121.501 GC heap after
{Heap after GC invocations=34 (full 0):
 garbage-first heap   total 80896K, used 56688K [0x0000000081a00000, 0x0000000100000000)
  region size 1024K, 1 young (1024K), 1 survivors (1024K)
 Metaspace       used 53539K, committed 53824K, reserved 1114112K
  class space    used 6422K, committed 6528K, reserved 1048576K
}
Event: 126.400 GC heap before
{Heap before GC invocations=34 (full 0):
 garbage-first heap   total 80896K, used 66928K [0x0000000081a00000, 0x0000000100000000)
  region size 1024K, 11 young (11264K), 1 survivors (1024K)
 Metaspace       used 54094K, committed 54400K, reserved 1114112K
  class space    used 6453K, committed 6592K, reserved 1048576K
}
Event: 126.408 GC heap after
{Heap after GC invocations=35 (full 0):
 garbage-first heap   total 80896K, used 58078K [0x0000000081a00000, 0x0000000100000000)
  region size 1024K, 2 young (2048K), 2 survivors (2048K)
 Metaspace       used 54094K, committed 54400K, reserved 1114112K
  class space    used 6453K, committed 6592K, reserved 1048576K
}
Event: 130.290 GC heap before
{Heap before GC invocations=35 (full 0):
 garbage-first heap   total 80896K, used 67294K [0x0000000081a00000, 0x0000000100000000)
  region size 1024K, 11 young (11264K), 2 survivors (2048K)
 Metaspace       used 54571K, committed 54848K, reserved 1114112K
  class space    used 6484K, committed 6592K, reserved 1048576K
}
Event: 130.300 GC heap after
{Heap after GC invocations=36 (full 0):
 garbage-first heap   total 80896K, used 58683K [0x0000000081a00000, 0x0000000100000000)
  region size 1024K, 1 young (1024K), 1 survivors (1024K)
 Metaspace       used 54571K, committed 54848K, reserved 1114112K
  class space    used 6484K, committed 6592K, reserved 1048576K
}
Event: 136.106 GC heap before
{Heap before GC invocations=36 (full 0):
 garbage-first heap   total 80896K, used 67899K [0x0000000081a00000, 0x0000000100000000)
  region size 1024K, 10 young (10240K), 1 survivors (1024K)
 Metaspace       used 55914K, committed 56256K, reserved 1114112K
  class space    used 6589K, committed 6720K, reserved 1048576K
}
Event: 136.114 GC heap after
{Heap after GC invocations=37 (full 0):
 garbage-first heap   total 80896K, used 59445K [0x0000000081a00000, 0x0000000100000000)
  region size 1024K, 2 young (2048K), 2 survivors (2048K)
 Metaspace       used 55914K, committed 56256K, reserved 1114112K
  class space    used 6589K, committed 6720K, reserved 1048576K
}
Event: 140.912 GC heap before
{Heap before GC invocations=37 (full 0):
 garbage-first heap   total 80896K, used 68661K [0x0000000081a00000, 0x0000000100000000)
  region size 1024K, 11 young (11264K), 2 survivors (2048K)
 Metaspace       used 56684K, committed 57024K, reserved 1114112K
  class space    used 6645K, committed 6784K, reserved 1048576K
}
Event: 140.922 GC heap after
{Heap after GC invocations=38 (full 0):
 garbage-first heap   total 80896K, used 60262K [0x0000000081a00000, 0x0000000100000000)
  region size 1024K, 2 young (2048K), 2 survivors (2048K)
 Metaspace       used 56684K, committed 57024K, reserved 1114112K
  class space    used 6645K, committed 6784K, reserved 1048576K
}
Event: 146.152 GC heap before
{Heap before GC invocations=38 (full 0):
 garbage-first heap   total 80896K, used 68454K [0x0000000081a00000, 0x0000000100000000)
  region size 1024K, 10 young (10240K), 2 survivors (2048K)
 Metaspace       used 57121K, committed 57408K, reserved 1114112K
  class space    used 6670K, committed 6784K, reserved 1048576K
}
Event: 146.162 GC heap after
{Heap after GC invocations=39 (full 0):
 garbage-first heap   total 80896K, used 61081K [0x0000000081a00000, 0x0000000100000000)
  region size 1024K, 2 young (2048K), 2 survivors (2048K)
 Metaspace       used 57121K, committed 57408K, reserved 1114112K
  class space    used 6670K, committed 6784K, reserved 1048576K
}
Event: 151.182 GC heap before
{Heap before GC invocations=39 (full 0):
 garbage-first heap   total 80896K, used 69273K [0x0000000081a00000, 0x0000000100000000)
  region size 1024K, 10 young (10240K), 2 survivors (2048K)
 Metaspace       used 57694K, committed 57984K, reserved 1114112K
  class space    used 6721K, committed 6848K, reserved 1048576K
}
Event: 151.195 GC heap after
{Heap after GC invocations=40 (full 0):
 garbage-first heap   total 80896K, used 62293K [0x0000000081a00000, 0x0000000100000000)
  region size 1024K, 2 young (2048K), 2 survivors (2048K)
 Metaspace       used 57694K, committed 57984K, reserved 1114112K
  class space    used 6721K, committed 6848K, reserved 1048576K
}
Event: 155.527 GC heap before
{Heap before GC invocations=40 (full 0):
 garbage-first heap   total 80896K, used 69461K [0x0000000081a00000, 0x0000000100000000)
  region size 1024K, 9 young (9216K), 2 survivors (2048K)
 Metaspace       used 58014K, committed 58304K, reserved 1114112K
  class space    used 6737K, committed 6848K, reserved 1048576K
}
Event: 155.538 GC heap after
{Heap after GC invocations=41 (full 0):
 garbage-first heap   total 80896K, used 63311K [0x0000000081a00000, 0x0000000100000000)
  region size 1024K, 1 young (1024K), 1 survivors (1024K)
 Metaspace       used 58014K, committed 58304K, reserved 1114112K
  class space    used 6737K, committed 6848K, reserved 1048576K
}

