# JRE version: OpenJDK Runtime Environment Microsoft-8035250 (11.0.20+8) (build 11.0.20+8-LTS)
# Java VM: OpenJDK 64-Bit Server VM Microsoft-8035250 (11.0.20+8-LTS, mixed mode, tiered, compressed oops, g1 gc, windows-amd64)
Heap:
 garbage-first heap   total 129024K, used 49658K [0x0000000080000000, 0x0000000100000000)
  region size 1024K, 32 young (32768K), 1 survivors (1024K)
 Metaspace       used 23963K, capacity 24511K, committed 24624K, reserved 538624K
  class space    used 2936K, capacity 3141K, committed 3200K, reserved 516096K
GC Heap History (10 events):
Event: 20.018 GC heap before
{Heap before GC invocations=0 (full 0):
 garbage-first heap   total 129024K, used 18432K [0x0000000080000000, 0x0000000100000000)
  region size 1024K, 14 young (14336K), 0 survivors (0K)
 Metaspace       used 6798K, capacity 6985K, committed 7168K, reserved 524288K
  class space    used 574K, capacity 650K, committed 768K, reserved 516096K
}
Event: 21.432 GC heap after
{Heap after GC invocations=1 (full 0):
 garbage-first heap   total 129024K, used 8507K [0x0000000080000000, 0x0000000100000000)
  region size 1024K, 2 young (2048K), 2 survivors (2048K)
 Metaspace       used 6798K, capacity 6985K, committed 7168K, reserved 524288K
  class space    used 574K, capacity 650K, committed 768K, reserved 516096K
}
Event: 26.301 GC heap before
{Heap before GC invocations=1 (full 0):
 garbage-first heap   total 129024K, used 19771K [0x0000000080000000, 0x0000000100000000)
  region size 1024K, 13 young (13312K), 2 survivors (2048K)
 Metaspace       used 10295K, capacity 10552K, committed 10624K, reserved 526336K
  class space    used 1049K, capacity 1140K, committed 1152K, reserved 516096K
}
Event: 26.306 GC heap after
{Heap after GC invocations=2 (full 0):
 garbage-first heap   total 129024K, used 10766K [0x0000000080000000, 0x0000000100000000)
  region size 1024K, 2 young (2048K), 2 survivors (2048K)
 Metaspace       used 10295K, capacity 10552K, committed 10624K, reserved 526336K
  class space    used 1049K, capacity 1140K, committed 1152K, reserved 516096K
}
Event: 46.582 GC heap before
{Heap before GC invocations=2 (full 0):
 garbage-first heap   total 129024K, used 39438K [0x0000000080000000, 0x0000000100000000)
  region size 1024K, 30 young (30720K), 2 survivors (2048K)
 Metaspace       used 11315K, capacity 11570K, committed 11776K, reserved 528384K
  class space    used 1150K, capacity 1244K, committed 1280K, reserved 516096K
}
Event: 46.587 GC heap after
{Heap after GC invocations=3 (full 0):
 garbage-first heap   total 129024K, used 13283K [0x0000000080000000, 0x0000000100000000)
  region size 1024K, 4 young (4096K), 4 survivors (4096K)
 Metaspace       used 11315K, capacity 11570K, committed 11776K, reserved 528384K
  class space    used 1150K, capacity 1244K, committed 1280K, reserved 516096K
}
Event: 128.048 GC heap before
{Heap before GC invocations=3 (full 0):
 garbage-first heap   total 129024K, used 55267K [0x0000000080000000, 0x0000000100000000)
  region size 1024K, 45 young (46080K), 4 survivors (4096K)
 Metaspace       used 18787K, capacity 19204K, committed 19456K, reserved 534528K
  class space    used 2140K, capacity 2276K, committed 2304K, reserved 516096K
}
Event: 129.212 GC heap after
{Heap after GC invocations=4 (full 0):
 garbage-first heap   total 129024K, used 18027K [0x0000000080000000, 0x0000000100000000)
  region size 1024K, 6 young (6144K), 6 survivors (6144K)
 Metaspace       used 18787K, capacity 19204K, committed 19456K, reserved 534528K
  class space    used 2140K, capacity 2276K, committed 2304K, reserved 516096K
}
Event: 135.948 GC heap before
{Heap before GC invocations=4 (full 0):
 garbage-first heap   total 129024K, used 31339K [0x0000000080000000, 0x0000000100000000)
  region size 1024K, 20 young (20480K), 6 survivors (6144K)
 Metaspace       used 20718K, capacity 21139K, committed 21296K, reserved 536576K
  class space    used 2433K, capacity 2609K, committed 2688K, reserved 516096K
}
Event: 135.961 GC heap after
{Heap after GC invocations=5 (full 0):
 garbage-first heap   total 129024K, used 18938K [0x0000000080000000, 0x0000000100000000)
  region size 1024K, 1 young (1024K), 1 survivors (1024K)
 Metaspace       used 20718K, capacity 21139K, committed 21296K, reserved 536576K
  class space    used 2433K, capacity 2609K, committed 2688K, reserved 516096K
}

