# JRE version: OpenJDK Runtime Environment Microsoft-9889599 (17.0.12+7) (build 17.0.12+7-LTS)
# Java VM: OpenJDK 64-Bit Server VM Microsoft-9889599 (17.0.12+7-LTS, mixed mode, sharing, tiered, compressed oops, compressed class ptrs, g1 gc, windows-amd64)
GC Precious Log:
 CPUs: 4 total, 4 available
 Memory: 8083M
 Large Page Support: Disabled
 NUMA Support: Disabled
 Compressed Oops: Enabled (32-bit)
 Heap Region Size: 1M
 Heap Min Capacity: 8M
 Heap Initial Capacity: 128M
 Heap Max Capacity: 2022M
 Pre-touch: Disabled
 Parallel Workers: 4
 Concurrent Workers: 1
 Concurrent Refinement Workers: 4
 Periodic GC: Disabled
Heap:
 garbage-first heap   total 55296K, used 39170K [0x0000000081a00000, 0x0000000100000000)
  region size 1024K, 11 young (11264K), 2 survivors (2048K)
 Metaspace       used 45832K, committed 46080K, reserved 1114112K
  class space    used 5785K, committed 5888K, reserved 1048576K
GC Heap History (20 events):
Event: 27.373 GC heap before
{Heap before GC invocations=2 (full 0):
 garbage-first heap   total 131072K, used 59960K [0x0000000081a00000, 0x0000000100000000)
  region size 1024K, 52 young (53248K), 2 survivors (2048K)
 Metaspace       used 21328K, committed 21504K, reserved 1114112K
  class space    used 2766K, committed 2816K, reserved 1048576K
}
Event: 27.385 GC heap after
{Heap after GC invocations=3 (full 0):
 garbage-first heap   total 131072K, used 14319K [0x0000000081a00000, 0x0000000100000000)
  region size 1024K, 6 young (6144K), 6 survivors (6144K)
 Metaspace       used 21328K, committed 21504K, reserved 1114112K
  class space    used 2766K, committed 2816K, reserved 1048576K
}
Event: 36.872 GC heap before
{Heap before GC invocations=4 (full 0):
 garbage-first heap   total 55296K, used 42991K [0x0000000081a00000, 0x0000000100000000)
  region size 1024K, 32 young (32768K), 6 survivors (6144K)
 Metaspace       used 25590K, committed 25856K, reserved 1114112K
  class space    used 3475K, committed 3584K, reserved 1048576K
}
Event: 36.899 GC heap after
{Heap after GC invocations=5 (full 0):
 garbage-first heap   total 55296K, used 21066K [0x0000000081a00000, 0x0000000100000000)
  region size 1024K, 4 young (4096K), 4 survivors (4096K)
 Metaspace       used 25590K, committed 25856K, reserved 1114112K
  class space    used 3475K, committed 3584K, reserved 1048576K
}
Event: 36.934 GC heap before
{Heap before GC invocations=5 (full 0):
 garbage-first heap   total 55296K, used 21066K [0x0000000081a00000, 0x0000000100000000)
  region size 1024K, 5 young (5120K), 4 survivors (4096K)
 Metaspace       used 25743K, committed 26048K, reserved 1114112K
  class space    used 3498K, committed 3648K, reserved 1048576K
}
Event: 36.943 GC heap after
{Heap after GC invocations=6 (full 0):
 garbage-first heap   total 55296K, used 22242K [0x0000000081a00000, 0x0000000100000000)
  region size 1024K, 1 young (1024K), 1 survivors (1024K)
 Metaspace       used 25743K, committed 26048K, reserved 1114112K
  class space    used 3498K, committed 3648K, reserved 1048576K
}
Event: 39.934 GC heap before
{Heap before GC invocations=6 (full 0):
 garbage-first heap   total 55296K, used 39650K [0x0000000081a00000, 0x0000000100000000)
  region size 1024K, 19 young (19456K), 1 survivors (1024K)
 Metaspace       used 29254K, committed 29440K, reserved 1114112K
  class space    used 3867K, committed 3968K, reserved 1048576K
}
Event: 39.940 GC heap after
{Heap after GC invocations=7 (full 0):
 garbage-first heap   total 55296K, used 21779K [0x0000000081a00000, 0x0000000100000000)
  region size 1024K, 3 young (3072K), 3 survivors (3072K)
 Metaspace       used 29254K, committed 29440K, reserved 1114112K
  class space    used 3867K, committed 3968K, reserved 1048576K
}
Event: 43.345 GC heap before
{Heap before GC invocations=7 (full 0):
 garbage-first heap   total 55296K, used 40211K [0x0000000081a00000, 0x0000000100000000)
  region size 1024K, 21 young (21504K), 3 survivors (3072K)
 Metaspace       used 33083K, committed 33344K, reserved 1114112K
  class space    used 4208K, committed 4352K, reserved 1048576K
}
Event: 43.354 GC heap after
{Heap after GC invocations=8 (full 0):
 garbage-first heap   total 55296K, used 23344K [0x0000000081a00000, 0x0000000100000000)
  region size 1024K, 2 young (2048K), 2 survivors (2048K)
 Metaspace       used 33083K, committed 33344K, reserved 1114112K
  class space    used 4208K, committed 4352K, reserved 1048576K
}
Event: 47.317 GC heap before
{Heap before GC invocations=8 (full 0):
 garbage-first heap   total 55296K, used 32560K [0x0000000081a00000, 0x0000000100000000)
  region size 1024K, 12 young (12288K), 2 survivors (2048K)
 Metaspace       used 35832K, committed 36096K, reserved 1114112K
  class space    used 4510K, committed 4672K, reserved 1048576K
}
Event: 47.326 GC heap after
{Heap after GC invocations=9 (full 0):
 garbage-first heap   total 55296K, used 24404K [0x0000000081a00000, 0x0000000100000000)
  region size 1024K, 2 young (2048K), 2 survivors (2048K)
 Metaspace       used 35832K, committed 36096K, reserved 1114112K
  class space    used 4510K, committed 4672K, reserved 1048576K
}
Event: 52.329 GC heap before
{Heap before GC invocations=10 (full 0):
 garbage-first heap   total 55296K, used 42836K [0x0000000081a00000, 0x0000000100000000)
  region size 1024K, 19 young (19456K), 2 survivors (2048K)
 Metaspace       used 40409K, committed 40640K, reserved 1114112K
  class space    used 5025K, committed 5120K, reserved 1048576K
}
Event: 52.337 GC heap after
{Heap after GC invocations=11 (full 0):
 garbage-first heap   total 55296K, used 27911K [0x0000000081a00000, 0x0000000100000000)
  region size 1024K, 3 young (3072K), 3 survivors (3072K)
 Metaspace       used 40409K, committed 40640K, reserved 1114112K
  class space    used 5025K, committed 5120K, reserved 1048576K
}
Event: 56.732 GC heap before
{Heap before GC invocations=11 (full 0):
 garbage-first heap   total 55296K, used 40199K [0x0000000081a00000, 0x0000000100000000)
  region size 1024K, 16 young (16384K), 3 survivors (3072K)
 Metaspace       used 43952K, committed 44224K, reserved 1114112K
  class space    used 5564K, committed 5696K, reserved 1048576K
}
Event: 56.742 GC heap after
{Heap after GC invocations=12 (full 0):
 garbage-first heap   total 55296K, used 29178K [0x0000000081a00000, 0x0000000100000000)
  region size 1024K, 3 young (3072K), 3 survivors (3072K)
 Metaspace       used 43952K, committed 44224K, reserved 1114112K
  class space    used 5564K, committed 5696K, reserved 1048576K
}
Event: 57.460 GC heap before
{Heap before GC invocations=13 (full 0):
 garbage-first heap   total 55296K, used 43514K [0x0000000081a00000, 0x0000000100000000)
  region size 1024K, 17 young (17408K), 3 survivors (3072K)
 Metaspace       used 43979K, committed 44288K, reserved 1114112K
  class space    used 5564K, committed 5696K, reserved 1048576K
}
Event: 57.467 GC heap after
{Heap after GC invocations=14 (full 0):
 garbage-first heap   total 55296K, used 29959K [0x0000000081a00000, 0x0000000100000000)
  region size 1024K, 2 young (2048K), 2 survivors (2048K)
 Metaspace       used 43979K, committed 44288K, reserved 1114112K
  class space    used 5564K, committed 5696K, reserved 1048576K
}
Event: 59.579 GC heap before
{Heap before GC invocations=14 (full 0):
 garbage-first heap   total 55296K, used 43271K [0x0000000081a00000, 0x0000000100000000)
  region size 1024K, 15 young (15360K), 2 survivors (2048K)
 Metaspace       used 45026K, committed 45312K, reserved 1114112K
  class space    used 5707K, committed 5824K, reserved 1048576K
}
Event: 59.586 GC heap after
{Heap after GC invocations=15 (full 0):
 garbage-first heap   total 55296K, used 30978K [0x0000000081a00000, 0x0000000100000000)
  region size 1024K, 2 young (2048K), 2 survivors (2048K)
 Metaspace       used 45026K, committed 45312K, reserved 1114112K
  class space    used 5707K, committed 5824K, reserved 1048576K
}

