# JRE version: OpenJDK Runtime Environment Microsoft-9889599 (17.0.12+7) (build 17.0.12+7-LTS)
# Java VM: OpenJDK 64-Bit Server VM Microsoft-9889599 (17.0.12+7-LTS, mixed mode, sharing, tiered, compressed oops, compressed class ptrs, g1 gc, windows-amd64)
GC Precious Log:
 CPUs: 4 total, 4 available
 Memory: 8083M
 Large Page Support: Disabled
 NUMA Support: Disabled
 Compressed Oops: Enabled (32-bit)
 Heap Region Size: 1M
 Heap Min Capacity: 8M
 Heap Initial Capacity: 128M
 Heap Max Capacity: 2G
 Pre-touch: Disabled
 Parallel Workers: 4
 Concurrent Workers: 1
 Concurrent Refinement Workers: 4
 Periodic GC: Disabled
Heap:
 garbage-first heap   total 527360K, used 401236K [0x0000000080000000, 0x0000000100000000)
  region size 1024K, 16 young (16384K), 3 survivors (3072K)
 Metaspace       used 171187K, committed 173312K, reserved 622592K
  class space    used 22148K, committed 23168K, reserved 425984K
GC Heap History (20 events):
Event: 778.920 GC heap before
{Heap before GC invocations=129 (full 0):
 garbage-first heap   total 527360K, used 457387K [0x0000000080000000, 0x0000000100000000)
  region size 1024K, 93 young (95232K), 7 survivors (7168K)
 Metaspace       used 170139K, committed 172352K, reserved 622592K
  class space    used 21993K, committed 23040K, reserved 425984K
}
Event: 778.952 GC heap after
{Heap after GC invocations=130 (full 0):
 garbage-first heap   total 527360K, used 370085K [0x0000000080000000, 0x0000000100000000)
  region size 1024K, 3 young (3072K), 3 survivors (3072K)
 Metaspace       used 170139K, committed 172352K, reserved 622592K
  class space    used 21993K, committed 23040K, reserved 425984K
}
Event: 788.445 GC heap before
{Heap before GC invocations=130 (full 0):
 garbage-first heap   total 527360K, used 459173K [0x0000000080000000, 0x0000000100000000)
  region size 1024K, 90 young (92160K), 3 survivors (3072K)
 Metaspace       used 170240K, committed 172416K, reserved 622592K
  class space    used 21993K, committed 23040K, reserved 425984K
}
Event: 788.458 GC heap after
{Heap after GC invocations=131 (full 0):
 garbage-first heap   total 527360K, used 372293K [0x0000000080000000, 0x0000000100000000)
  region size 1024K, 5 young (5120K), 5 survivors (5120K)
 Metaspace       used 170240K, committed 172416K, reserved 622592K
  class space    used 21993K, committed 23040K, reserved 425984K
}
Event: 794.333 GC heap before
{Heap before GC invocations=131 (full 0):
 garbage-first heap   total 527360K, used 464453K [0x0000000080000000, 0x0000000100000000)
  region size 1024K, 92 young (94208K), 5 survivors (5120K)
 Metaspace       used 170329K, committed 172544K, reserved 622592K
  class space    used 21997K, committed 23040K, reserved 425984K
}
Event: 794.359 GC heap after
{Heap after GC invocations=132 (full 0):
 garbage-first heap   total 527360K, used 378390K [0x0000000080000000, 0x0000000100000000)
  region size 1024K, 11 young (11264K), 11 survivors (11264K)
 Metaspace       used 170329K, committed 172544K, reserved 622592K
  class space    used 21997K, committed 23040K, reserved 425984K
}
Event: 799.944 GC heap before
{Heap before GC invocations=132 (full 0):
 garbage-first heap   total 527360K, used 458262K [0x0000000080000000, 0x0000000100000000)
  region size 1024K, 89 young (91136K), 11 survivors (11264K)
 Metaspace       used 170488K, committed 172672K, reserved 622592K
  class space    used 22018K, committed 23040K, reserved 425984K
}
Event: 799.973 GC heap after
{Heap after GC invocations=133 (full 0):
 garbage-first heap   total 527360K, used 377571K [0x0000000080000000, 0x0000000100000000)
  region size 1024K, 5 young (5120K), 5 survivors (5120K)
 Metaspace       used 170488K, committed 172672K, reserved 622592K
  class space    used 22018K, committed 23040K, reserved 425984K
}
Event: 804.836 GC heap before
{Heap before GC invocations=133 (full 0):
 garbage-first heap   total 527360K, used 457443K [0x0000000080000000, 0x0000000100000000)
  region size 1024K, 83 young (84992K), 5 survivors (5120K)
 Metaspace       used 170592K, committed 172736K, reserved 622592K
  class space    used 22033K, committed 23040K, reserved 425984K
}
Event: 804.848 GC heap after
{Heap after GC invocations=134 (full 0):
 garbage-first heap   total 527360K, used 379670K [0x0000000080000000, 0x0000000100000000)
  region size 1024K, 7 young (7168K), 7 survivors (7168K)
 Metaspace       used 170592K, committed 172736K, reserved 622592K
  class space    used 22033K, committed 23040K, reserved 425984K
}
Event: 808.977 GC heap before
{Heap before GC invocations=134 (full 0):
 garbage-first heap   total 527360K, used 458518K [0x0000000080000000, 0x0000000100000000)
  region size 1024K, 84 young (86016K), 7 survivors (7168K)
 Metaspace       used 170629K, committed 172800K, reserved 622592K
  class space    used 22037K, committed 23040K, reserved 425984K
}
Event: 808.998 GC heap after
{Heap after GC invocations=135 (full 0):
 garbage-first heap   total 527360K, used 381306K [0x0000000080000000, 0x0000000100000000)
  region size 1024K, 6 young (6144K), 6 survivors (6144K)
 Metaspace       used 170629K, committed 172800K, reserved 622592K
  class space    used 22037K, committed 23040K, reserved 425984K
}
Event: 815.199 GC heap before
{Heap before GC invocations=135 (full 0):
 garbage-first heap   total 527360K, used 460154K [0x0000000080000000, 0x0000000100000000)
  region size 1024K, 83 young (84992K), 6 survivors (6144K)
 Metaspace       used 171082K, committed 173248K, reserved 622592K
  class space    used 22140K, committed 23168K, reserved 425984K
}
Event: 815.213 GC heap after
{Heap after GC invocations=136 (full 0):
 garbage-first heap   total 527360K, used 380217K [0x0000000080000000, 0x0000000100000000)
  region size 1024K, 5 young (5120K), 5 survivors (5120K)
 Metaspace       used 171082K, committed 173248K, reserved 622592K
  class space    used 22140K, committed 23168K, reserved 425984K
}
Event: 818.989 GC heap before
{Heap before GC invocations=136 (full 0):
 garbage-first heap   total 527360K, used 460089K [0x0000000080000000, 0x0000000100000000)
  region size 1024K, 83 young (84992K), 5 survivors (5120K)
 Metaspace       used 171110K, committed 173248K, reserved 622592K
  class space    used 22140K, committed 23168K, reserved 425984K
}
Event: 819.002 GC heap after
{Heap after GC invocations=137 (full 0):
 garbage-first heap   total 527360K, used 382482K [0x0000000080000000, 0x0000000100000000)
  region size 1024K, 7 young (7168K), 7 survivors (7168K)
 Metaspace       used 171110K, committed 173248K, reserved 622592K
  class space    used 22140K, committed 23168K, reserved 425984K
}
Event: 826.812 GC heap before
{Heap before GC invocations=137 (full 0):
 garbage-first heap   total 527360K, used 462354K [0x0000000080000000, 0x0000000100000000)
  region size 1024K, 83 young (84992K), 7 survivors (7168K)
 Metaspace       used 171118K, committed 173248K, reserved 622592K
  class space    used 22140K, committed 23168K, reserved 425984K
}
Event: 826.855 GC heap after
{Heap after GC invocations=138 (full 0):
 garbage-first heap   total 527360K, used 388614K [0x0000000080000000, 0x0000000100000000)
  region size 1024K, 11 young (11264K), 11 survivors (11264K)
 Metaspace       used 171118K, committed 173248K, reserved 622592K
  class space    used 22140K, committed 23168K, reserved 425984K
}
Event: 833.343 GC heap before
{Heap before GC invocations=138 (full 0):
 garbage-first heap   total 527360K, used 456198K [0x0000000080000000, 0x0000000100000000)
  region size 1024K, 77 young (78848K), 11 survivors (11264K)
 Metaspace       used 171177K, committed 173312K, reserved 622592K
  class space    used 22148K, committed 23168K, reserved 425984K
}
Event: 833.383 GC heap after
{Heap after GC invocations=139 (full 0):
 garbage-first heap   total 527360K, used 388948K [0x0000000080000000, 0x0000000100000000)
  region size 1024K, 3 young (3072K), 3 survivors (3072K)
 Metaspace       used 171177K, committed 173312K, reserved 622592K
  class space    used 22148K, committed 23168K, reserved 425984K
}

